{"contracts/SimpleStorage.sol":{"l":{"35":0,"36":0,"44":1,"50":2},"path":"/home/edidiong/New_Playground/Lesson-6/Hardhat-Simple-Storage/contracts/SimpleStorage.sol","s":{"1":0,"2":2},"b":{},"f":{"1":0,"2":1,"3":2},"fnMap":{"1":{"name":"addPeople","line":34,"loc":{"start":{"line":34,"column":4},"end":{"line":37,"column":4}}},"2":{"name":"store","line":43,"loc":{"start":{"line":43,"column":4},"end":{"line":45,"column":4}}},"3":{"name":"retrieve","line":49,"loc":{"start":{"line":49,"column":4},"end":{"line":51,"column":4}}}},"statementMap":{"1":{"start":{"line":35,"column":8},"end":{"line":35,"column":54}},"2":{"start":{"line":50,"column":8},"end":{"line":50,"column":29}}},"branchMap":{}}}